{"/Volumes/CardData/Development/own/nodeJs/dashboard-api/src/app.ts": {"path":"/Volumes/CardData/Development/own/nodeJs/dashboard-api/src/app.ts","statementMap":{"0":{"start":{"line":1,"column":0},"end":{"line":1,"column":43}},"1":{"start":{"line":4,"column":0},"end":{"line":4,"column":47}},"2":{"start":{"line":5,"column":0},"end":{"line":5,"column":32}},"3":{"start":{"line":6,"column":0},"end":{"line":6,"column":26}},"4":{"start":{"line":7,"column":0},"end":{"line":7,"column":35}},"5":{"start":{"line":10,"column":0},"end":{"line":10,"column":58}},"6":{"start":{"line":11,"column":0},"end":{"line":11,"column":58}},"7":{"start":{"line":12,"column":0},"end":{"line":12,"column":58}},"8":{"start":{"line":14,"column":0},"end":{"line":57,"column":null}},"9":{"start":{"line":21,"column":39},"end":{"line":21,"column":54}},"10":{"start":{"line":22,"column":46},"end":{"line":22,"column":62}},"11":{"start":{"line":23,"column":47},"end":{"line":23,"column":80}},"12":{"start":{"line":24,"column":45},"end":{"line":24,"column":74}},"13":{"start":{"line":25,"column":45},"end":{"line":25,"column":60}},"14":{"start":{"line":27,"column":8},"end":{"line":27,"column":29}},"15":{"start":{"line":28,"column":8},"end":{"line":28,"column":25}},"16":{"start":{"line":32,"column":8},"end":{"line":32,"column":29}},"17":{"start":{"line":33,"column":31},"end":{"line":33,"column":83}},"18":{"start":{"line":34,"column":8},"end":{"line":34,"column":66}},"19":{"start":{"line":38,"column":8},"end":{"line":38,"column":59}},"20":{"start":{"line":42,"column":8},"end":{"line":42,"column":76}},"21":{"start":{"line":46,"column":8},"end":{"line":46,"column":29}},"22":{"start":{"line":47,"column":8},"end":{"line":47,"column":25}},"23":{"start":{"line":48,"column":8},"end":{"line":48,"column":35}},"24":{"start":{"line":49,"column":8},"end":{"line":49,"column":43}},"25":{"start":{"line":50,"column":8},"end":{"line":50,"column":49}},"26":{"start":{"line":51,"column":8},"end":{"line":51,"column":66}},"27":{"start":{"line":55,"column":8},"end":{"line":55,"column":29}},"28":{"start":{"line":15,"column":13},"end":{"line":57,"column":null}},"29":{"start":{"line":15,"column":13},"end":{"line":15,"column":16}}},"fnMap":{"0":{"name":"(anonymous_12)","decl":{"start":{"line":20,"column":4},"end":{"line":20,"column":null}},"loc":{"start":{"line":25,"column":73},"end":{"line":29,"column":5}}},"1":{"name":"(anonymous_13)","decl":{"start":{"line":31,"column":4},"end":{"line":31,"column":17}},"loc":{"start":{"line":31,"column":17},"end":{"line":35,"column":5}}},"2":{"name":"(anonymous_14)","decl":{"start":{"line":37,"column":4},"end":{"line":37,"column":13}},"loc":{"start":{"line":37,"column":13},"end":{"line":39,"column":5}}},"3":{"name":"(anonymous_15)","decl":{"start":{"line":41,"column":4},"end":{"line":41,"column":23}},"loc":{"start":{"line":41,"column":23},"end":{"line":43,"column":5}}},"4":{"name":"(anonymous_16)","decl":{"start":{"line":45,"column":17},"end":{"line":45,"column":21}},"loc":{"start":{"line":45,"column":21},"end":{"line":52,"column":null}}},"5":{"name":"(anonymous_18)","decl":{"start":{"line":54,"column":11},"end":{"line":54,"column":16}},"loc":{"start":{"line":54,"column":16},"end":{"line":56,"column":5}}}},"branchMap":{"0":{"loc":{"start":{"line":55,"column":8},"end":{"line":55,"column":28}},"type":"cond-expr","locations":[{"start":{"line":55,"column":19},"end":{"line":55,"column":21}},{"start":{"line":55,"column":19},"end":{"line":55,"column":28}}]},"1":{"loc":{"start":{"line":55,"column":8},"end":{"line":55,"column":21}},"type":"binary-expr","locations":[{"start":{"line":55,"column":8},"end":{"line":55,"column":21}},{"start":{"line":55,"column":19},"end":{"line":55,"column":21}}]}},"s":{"0":1,"1":1,"2":1,"3":1,"4":1,"5":1,"6":1,"7":1,"8":1,"9":1,"10":1,"11":1,"12":1,"13":1,"14":1,"15":1,"16":1,"17":1,"18":1,"19":1,"20":1,"21":1,"22":1,"23":1,"24":1,"25":1,"26":1,"27":1,"28":1,"29":1},"f":{"0":1,"1":1,"2":1,"3":1,"4":1,"5":1},"b":{"0":[0,1],"1":[1,1]}}
,"/Volumes/CardData/Development/own/nodeJs/dashboard-api/src/main.ts": {"path":"/Volumes/CardData/Development/own/nodeJs/dashboard-api/src/main.ts","statementMap":{"0":{"start":{"line":1,"column":0},"end":{"line":1,"column":67}},"1":{"start":{"line":2,"column":0},"end":{"line":2,"column":28}},"2":{"start":{"line":3,"column":0},"end":{"line":3,"column":60}},"3":{"start":{"line":4,"column":0},"end":{"line":4,"column":56}},"4":{"start":{"line":5,"column":0},"end":{"line":5,"column":58}},"5":{"start":{"line":7,"column":0},"end":{"line":7,"column":32}},"6":{"start":{"line":11,"column":0},"end":{"line":11,"column":52}},"7":{"start":{"line":13,"column":0},"end":{"line":13,"column":56}},"8":{"start":{"line":14,"column":0},"end":{"line":14,"column":58}},"9":{"start":{"line":15,"column":0},"end":{"line":15,"column":59}},"10":{"start":{"line":23,"column":13},"end":{"line":32,"column":3}},"11":{"start":{"line":24,"column":4},"end":{"line":24,"column":70}},"12":{"start":{"line":25,"column":4},"end":{"line":25,"column":70}},"13":{"start":{"line":26,"column":4},"end":{"line":26,"column":67}},"14":{"start":{"line":27,"column":4},"end":{"line":27,"column":58}},"15":{"start":{"line":28,"column":4},"end":{"line":28,"column":82}},"16":{"start":{"line":29,"column":4},"end":{"line":29,"column":83}},"17":{"start":{"line":30,"column":4},"end":{"line":30,"column":89}},"18":{"start":{"line":31,"column":4},"end":{"line":31,"column":60}},"19":{"start":{"line":35,"column":25},"end":{"line":35,"column":40}},"20":{"start":{"line":36,"column":4},"end":{"line":36,"column":35}},"21":{"start":{"line":37,"column":16},"end":{"line":37,"column":56}},"22":{"start":{"line":38,"column":4},"end":{"line":38,"column":21}},"23":{"start":{"line":39,"column":4},"end":{"line":39,"column":33}},"24":{"start":{"line":42,"column":13},"end":{"line":42,"column":32}}},"fnMap":{"0":{"name":"(anonymous_7)","decl":{"start":{"line":23,"column":47},"end":{"line":23,"column":48}},"loc":{"start":{"line":23,"column":73},"end":{"line":32,"column":1}}},"1":{"name":"bootstrap","decl":{"start":{"line":34,"column":15},"end":{"line":34,"column":24}},"loc":{"start":{"line":34,"column":24},"end":{"line":40,"column":null}}}},"branchMap":{},"s":{"0":1,"1":1,"2":1,"3":1,"4":1,"5":1,"6":1,"7":1,"8":1,"9":1,"10":1,"11":1,"12":1,"13":1,"14":1,"15":1,"16":1,"17":1,"18":1,"19":1,"20":1,"21":1,"22":1,"23":1,"24":1},"f":{"0":1,"1":1},"b":{}}
,"/Volumes/CardData/Development/own/nodeJs/dashboard-api/src/types.ts": {"path":"/Volumes/CardData/Development/own/nodeJs/dashboard-api/src/types.ts","statementMap":{"0":{"start":{"line":1,"column":13},"end":{"line":10,"column":2}}},"fnMap":{},"branchMap":{},"s":{"0":1},"f":{},"b":{}}
,"/Volumes/CardData/Development/own/nodeJs/dashboard-api/src/common/auth.guard.ts": {"path":"/Volumes/CardData/Development/own/nodeJs/dashboard-api/src/common/auth.guard.ts","statementMap":{"0":{"start":{"line":6,"column":8},"end":{"line":8,"column":null}},"1":{"start":{"line":7,"column":12},"end":{"line":7,"column":26}},"2":{"start":{"line":10,"column":8},"end":{"line":10,"column":65}},"3":{"start":{"line":4,"column":0},"end":{"line":4,"column":13}}},"fnMap":{"0":{"name":"(anonymous_0)","decl":{"start":{"line":5,"column":4},"end":{"line":5,"column":11}},"loc":{"start":{"line":5,"column":59},"end":{"line":11,"column":5}}}},"branchMap":{"0":{"loc":{"start":{"line":6,"column":8},"end":{"line":8,"column":null}},"type":"if","locations":[{"start":{"line":6,"column":8},"end":{"line":8,"column":null}}]}},"s":{"0":2,"1":1,"2":1,"3":1},"f":{"0":2},"b":{"0":[1]}}
,"/Volumes/CardData/Development/own/nodeJs/dashboard-api/src/common/auth.middleware.ts": {"path":"/Volumes/CardData/Development/own/nodeJs/dashboard-api/src/common/auth.middleware.ts","statementMap":{"0":{"start":{"line":5,"column":0},"end":{"line":5,"column":38}},"1":{"start":{"line":8,"column":24},"end":{"line":8,"column":38}},"2":{"start":{"line":11,"column":8},"end":{"line":22,"column":null}},"3":{"start":{"line":12,"column":12},"end":{"line":19,"column":15}},"4":{"start":{"line":13,"column":16},"end":{"line":18,"column":null}},"5":{"start":{"line":14,"column":20},"end":{"line":14,"column":27}},"6":{"start":{"line":15,"column":23},"end":{"line":18,"column":null}},"7":{"start":{"line":16,"column":20},"end":{"line":16,"column":45}},"8":{"start":{"line":17,"column":20},"end":{"line":17,"column":27}},"9":{"start":{"line":21,"column":12},"end":{"line":21,"column":19}},"10":{"start":{"line":7,"column":0},"end":{"line":7,"column":13}}},"fnMap":{"0":{"name":"(anonymous_0)","decl":{"start":{"line":8,"column":4},"end":{"line":8,"column":24}},"loc":{"start":{"line":8,"column":38},"end":{"line":8,"column":42}}},"1":{"name":"(anonymous_1)","decl":{"start":{"line":10,"column":4},"end":{"line":10,"column":11}},"loc":{"start":{"line":10,"column":59},"end":{"line":23,"column":5}}},"2":{"name":"(anonymous_2)","decl":{"start":{"line":12,"column":73},"end":{"line":12,"column":74}},"loc":{"start":{"line":12,"column":90},"end":{"line":19,"column":13}}}},"branchMap":{"0":{"loc":{"start":{"line":11,"column":8},"end":{"line":22,"column":null}},"type":"if","locations":[{"start":{"line":11,"column":8},"end":{"line":22,"column":null}},{"start":{"line":20,"column":15},"end":{"line":22,"column":null}}]},"1":{"loc":{"start":{"line":13,"column":16},"end":{"line":18,"column":null}},"type":"if","locations":[{"start":{"line":13,"column":16},"end":{"line":18,"column":null}},{"start":{"line":15,"column":23},"end":{"line":18,"column":null}}]},"2":{"loc":{"start":{"line":15,"column":23},"end":{"line":18,"column":null}},"type":"if","locations":[{"start":{"line":15,"column":23},"end":{"line":18,"column":null}}]},"3":{"loc":{"start":{"line":15,"column":27},"end":{"line":15,"column":65}},"type":"binary-expr","locations":[{"start":{"line":15,"column":27},"end":{"line":15,"column":34}},{"start":{"line":15,"column":38},"end":{"line":15,"column":65}}]}},"s":{"0":1,"1":1,"2":7,"3":2,"4":2,"5":1,"6":1,"7":1,"8":1,"9":5,"10":1},"f":{"0":1,"1":7,"2":2},"b":{"0":[2,5],"1":[1,1],"2":[1],"3":[1,1]}}
,"/Volumes/CardData/Development/own/nodeJs/dashboard-api/src/common/base.controller.ts": {"path":"/Volumes/CardData/Development/own/nodeJs/dashboard-api/src/common/base.controller.ts","statementMap":{"0":{"start":{"line":1,"column":0},"end":{"line":1,"column":43}},"1":{"start":{"line":4,"column":0},"end":{"line":4,"column":39}},"2":{"start":{"line":5,"column":0},"end":{"line":5,"column":9}},"3":{"start":{"line":5,"column":9},"end":{"line":5,"column":33}},"4":{"start":{"line":6,"column":0},"end":{"line":6,"column":26}},"5":{"start":{"line":8,"column":0},"end":{"line":41,"column":null}},"6":{"start":{"line":11,"column":24},"end":{"line":11,"column":39}},"7":{"start":{"line":12,"column":8},"end":{"line":12,"column":32}},"8":{"start":{"line":16,"column":8},"end":{"line":16,"column":28}},"9":{"start":{"line":20,"column":8},"end":{"line":20,"column":37}},"10":{"start":{"line":21,"column":8},"end":{"line":21,"column":46}},"11":{"start":{"line":25,"column":8},"end":{"line":25,"column":47}},"12":{"start":{"line":29,"column":8},"end":{"line":29,"column":35}},"13":{"start":{"line":33,"column":8},"end":{"line":39,"column":null}},"14":{"start":{"line":34,"column":12},"end":{"line":34,"column":63}},"15":{"start":{"line":35,"column":31},"end":{"line":35,"column":79}},"16":{"start":{"line":35,"column":61},"end":{"line":35,"column":78}},"17":{"start":{"line":36,"column":28},"end":{"line":36,"column":49}},"18":{"start":{"line":37,"column":29},"end":{"line":37,"column":76}},"19":{"start":{"line":38,"column":12},"end":{"line":38,"column":60}},"20":{"start":{"line":9,"column":22},"end":{"line":41,"column":null}},"21":{"start":{"line":9,"column":22},"end":{"line":9,"column":36}}},"fnMap":{"0":{"name":"(anonymous_2)","decl":{"start":{"line":5,"column":9},"end":{"line":5,"column":15}},"loc":{"start":{"line":5,"column":9},"end":{"line":5,"column":33}}},"1":{"name":"(anonymous_3)","decl":{"start":{"line":11,"column":4},"end":{"line":11,"column":24}},"loc":{"start":{"line":11,"column":39},"end":{"line":13,"column":5}}},"2":{"name":"(anonymous_4)","decl":{"start":{"line":15,"column":4},"end":{"line":15,"column":8}},"loc":{"start":{"line":15,"column":14},"end":{"line":17,"column":5}}},"3":{"name":"(anonymous_5)","decl":{"start":{"line":19,"column":11},"end":{"line":19,"column":15}},"loc":{"start":{"line":19,"column":58},"end":{"line":22,"column":5}}},"4":{"name":"(anonymous_6)","decl":{"start":{"line":24,"column":11},"end":{"line":24,"column":13}},"loc":{"start":{"line":24,"column":42},"end":{"line":26,"column":5}}},"5":{"name":"(anonymous_7)","decl":{"start":{"line":28,"column":11},"end":{"line":28,"column":18}},"loc":{"start":{"line":28,"column":32},"end":{"line":30,"column":5}}},"6":{"name":"(anonymous_8)","decl":{"start":{"line":32,"column":14},"end":{"line":32,"column":24}},"loc":{"start":{"line":32,"column":51},"end":{"line":40,"column":5}}},"7":{"name":"(anonymous_9)","decl":{"start":{"line":35,"column":54},"end":{"line":35,"column":55}},"loc":{"start":{"line":35,"column":61},"end":{"line":35,"column":78}}}},"branchMap":{"0":{"loc":{"start":{"line":35,"column":31},"end":{"line":35,"column":79}},"type":"cond-expr","locations":[{"start":{"line":35,"column":48},"end":{"line":35,"column":50}},{"start":{"line":35,"column":48},"end":{"line":35,"column":79}}]},"1":{"loc":{"start":{"line":35,"column":31},"end":{"line":35,"column":50}},"type":"binary-expr","locations":[{"start":{"line":35,"column":31},"end":{"line":35,"column":50}},{"start":{"line":35,"column":48},"end":{"line":35,"column":50}}]},"2":{"loc":{"start":{"line":37,"column":29},"end":{"line":37,"column":76}},"type":"cond-expr","locations":[{"start":{"line":37,"column":42},"end":{"line":37,"column":66}},{"start":{"line":37,"column":69},"end":{"line":37,"column":76}}]}},"s":{"0":1,"1":1,"2":1,"3":1,"4":1,"5":1,"6":1,"7":1,"8":4,"9":4,"10":4,"11":4,"12":0,"13":1,"14":3,"15":3,"16":3,"17":3,"18":3,"19":3,"20":1,"21":1},"f":{"0":0,"1":1,"2":4,"3":4,"4":4,"5":0,"6":1,"7":3},"b":{"0":[0,3],"1":[3,3],"2":[3,0]}}
,"/Volumes/CardData/Development/own/nodeJs/dashboard-api/src/common/validate.middleware.ts": {"path":"/Volumes/CardData/Development/own/nodeJs/dashboard-api/src/common/validate.middleware.ts","statementMap":{"0":{"start":{"line":3,"column":0},"end":{"line":3,"column":67}},"1":{"start":{"line":4,"column":0},"end":{"line":4,"column":43}},"2":{"start":{"line":7,"column":24},"end":{"line":7,"column":65}},"3":{"start":{"line":10,"column":25},"end":{"line":10,"column":65}},"4":{"start":{"line":11,"column":8},"end":{"line":17,"column":11}},"5":{"start":{"line":12,"column":12},"end":{"line":16,"column":null}},"6":{"start":{"line":13,"column":16},"end":{"line":13,"column":45}},"7":{"start":{"line":15,"column":16},"end":{"line":15,"column":23}},"8":{"start":{"line":6,"column":0},"end":{"line":6,"column":13}}},"fnMap":{"0":{"name":"(anonymous_0)","decl":{"start":{"line":7,"column":4},"end":{"line":7,"column":24}},"loc":{"start":{"line":7,"column":65},"end":{"line":7,"column":69}}},"1":{"name":"(anonymous_1)","decl":{"start":{"line":9,"column":4},"end":{"line":9,"column":11}},"loc":{"start":{"line":9,"column":64},"end":{"line":18,"column":5}}},"2":{"name":"(anonymous_2)","decl":{"start":{"line":11,"column":32},"end":{"line":11,"column":33}},"loc":{"start":{"line":11,"column":43},"end":{"line":17,"column":9}}}},"branchMap":{"0":{"loc":{"start":{"line":12,"column":12},"end":{"line":16,"column":null}},"type":"if","locations":[{"start":{"line":12,"column":12},"end":{"line":16,"column":null}},{"start":{"line":14,"column":19},"end":{"line":16,"column":null}}]}},"s":{"0":1,"1":1,"2":2,"3":5,"4":5,"5":5,"6":1,"7":4,"8":1},"f":{"0":2,"1":5,"2":5},"b":{"0":[1,4]}}
,"/Volumes/CardData/Development/own/nodeJs/dashboard-api/src/config/config.service.ts": {"path":"/Volumes/CardData/Development/own/nodeJs/dashboard-api/src/config/config.service.ts","statementMap":{"0":{"start":{"line":1,"column":0},"end":{"line":1,"column":47}},"1":{"start":{"line":3,"column":0},"end":{"line":3,"column":71}},"2":{"start":{"line":4,"column":0},"end":{"line":4,"column":33}},"3":{"start":{"line":7,"column":0},"end":{"line":22,"column":null}},"4":{"start":{"line":10,"column":47},"end":{"line":10,"column":62}},"5":{"start":{"line":11,"column":43},"end":{"line":11,"column":51}},"6":{"start":{"line":12,"column":8},"end":{"line":16,"column":null}},"7":{"start":{"line":13,"column":12},"end":{"line":13,"column":71}},"8":{"start":{"line":15,"column":12},"end":{"line":15,"column":61}},"9":{"start":{"line":20,"column":8},"end":{"line":20,"column":32}},"10":{"start":{"line":8,"column":13},"end":{"line":22,"column":null}},"11":{"start":{"line":8,"column":13},"end":{"line":8,"column":26}}},"fnMap":{"0":{"name":"(anonymous_4)","decl":{"start":{"line":10,"column":4},"end":{"line":10,"column":17}},"loc":{"start":{"line":10,"column":62},"end":{"line":17,"column":5}}},"1":{"name":"(anonymous_5)","decl":{"start":{"line":19,"column":4},"end":{"line":19,"column":7}},"loc":{"start":{"line":19,"column":19},"end":{"line":21,"column":5}}}},"branchMap":{"0":{"loc":{"start":{"line":12,"column":8},"end":{"line":16,"column":null}},"type":"if","locations":[{"start":{"line":12,"column":8},"end":{"line":16,"column":null}},{"start":{"line":14,"column":15},"end":{"line":16,"column":null}}]}},"s":{"0":1,"1":1,"2":1,"3":1,"4":1,"5":1,"6":1,"7":0,"8":1,"9":4,"10":1,"11":1},"f":{"0":1,"1":4},"b":{"0":[0,1]}}
,"/Volumes/CardData/Development/own/nodeJs/dashboard-api/src/database/prisma.service.ts": {"path":"/Volumes/CardData/Development/own/nodeJs/dashboard-api/src/database/prisma.service.ts","statementMap":{"0":{"start":{"line":1,"column":0},"end":{"line":1,"column":57}},"1":{"start":{"line":2,"column":0},"end":{"line":2,"column":47}},"2":{"start":{"line":3,"column":0},"end":{"line":3,"column":33}},"3":{"start":{"line":6,"column":0},"end":{"line":28,"column":null}},"4":{"start":{"line":10,"column":47},"end":{"line":10,"column":62}},"5":{"start":{"line":11,"column":8},"end":{"line":11,"column":41}},"6":{"start":{"line":15,"column":8},"end":{"line":22,"column":null}},"7":{"start":{"line":16,"column":12},"end":{"line":16,"column":41}},"8":{"start":{"line":17,"column":12},"end":{"line":17,"column":68}},"9":{"start":{"line":19,"column":12},"end":{"line":21,"column":null}},"10":{"start":{"line":20,"column":16},"end":{"line":20,"column":79}},"11":{"start":{"line":26,"column":8},"end":{"line":26,"column":40}},"12":{"start":{"line":7,"column":13},"end":{"line":28,"column":null}},"13":{"start":{"line":7,"column":13},"end":{"line":7,"column":26}}},"fnMap":{"0":{"name":"(anonymous_11)","decl":{"start":{"line":10,"column":4},"end":{"line":10,"column":17}},"loc":{"start":{"line":10,"column":62},"end":{"line":12,"column":5}}},"1":{"name":"(anonymous_12)","decl":{"start":{"line":14,"column":10},"end":{"line":14,"column":17}},"loc":{"start":{"line":14,"column":17},"end":{"line":23,"column":null}}},"2":{"name":"(anonymous_14)","decl":{"start":{"line":25,"column":10},"end":{"line":25,"column":20}},"loc":{"start":{"line":25,"column":20},"end":{"line":27,"column":null}}}},"branchMap":{"0":{"loc":{"start":{"line":19,"column":12},"end":{"line":21,"column":null}},"type":"if","locations":[{"start":{"line":19,"column":12},"end":{"line":21,"column":null}}]}},"s":{"0":1,"1":1,"2":1,"3":1,"4":1,"5":1,"6":1,"7":1,"8":1,"9":0,"10":0,"11":0,"12":1,"13":1},"f":{"0":1,"1":1,"2":0},"b":{"0":[0]}}
,"/Volumes/CardData/Development/own/nodeJs/dashboard-api/src/errors/exception.filter.ts": {"path":"/Volumes/CardData/Development/own/nodeJs/dashboard-api/src/errors/exception.filter.ts","statementMap":{"0":{"start":{"line":3,"column":0},"end":{"line":3,"column":47}},"1":{"start":{"line":4,"column":0},"end":{"line":4,"column":47}},"2":{"start":{"line":6,"column":0},"end":{"line":6,"column":33}},"3":{"start":{"line":7,"column":0},"end":{"line":7,"column":26}},"4":{"start":{"line":9,"column":0},"end":{"line":22,"column":null}},"5":{"start":{"line":11,"column":47},"end":{"line":11,"column":62}},"6":{"start":{"line":14,"column":8},"end":{"line":20,"column":null}},"7":{"start":{"line":15,"column":12},"end":{"line":15,"column":91}},"8":{"start":{"line":16,"column":12},"end":{"line":16,"column":66}},"9":{"start":{"line":18,"column":12},"end":{"line":18,"column":48}},"10":{"start":{"line":19,"column":12},"end":{"line":19,"column":55}},"11":{"start":{"line":10,"column":13},"end":{"line":22,"column":null}},"12":{"start":{"line":10,"column":13},"end":{"line":10,"column":28}}},"fnMap":{"0":{"name":"(anonymous_4)","decl":{"start":{"line":11,"column":4},"end":{"line":11,"column":17}},"loc":{"start":{"line":11,"column":62},"end":{"line":11,"column":66}}},"1":{"name":"(anonymous_5)","decl":{"start":{"line":13,"column":4},"end":{"line":13,"column":9}},"loc":{"start":{"line":13,"column":81},"end":{"line":21,"column":5}}}},"branchMap":{"0":{"loc":{"start":{"line":14,"column":8},"end":{"line":20,"column":null}},"type":"if","locations":[{"start":{"line":14,"column":8},"end":{"line":20,"column":null}},{"start":{"line":17,"column":15},"end":{"line":20,"column":null}}]}},"s":{"0":1,"1":1,"2":1,"3":1,"4":1,"5":1,"6":1,"7":1,"8":1,"9":0,"10":0,"11":1,"12":1},"f":{"0":1,"1":1},"b":{"0":[1,0]}}
,"/Volumes/CardData/Development/own/nodeJs/dashboard-api/src/errors/http-error.class.ts": {"path":"/Volumes/CardData/Development/own/nodeJs/dashboard-api/src/errors/http-error.class.ts","statementMap":{"0":{"start":{"line":6,"column":8},"end":{"line":6,"column":23}},"1":{"start":{"line":7,"column":8},"end":{"line":7,"column":37}},"2":{"start":{"line":8,"column":8},"end":{"line":8,"column":31}},"3":{"start":{"line":9,"column":8},"end":{"line":9,"column":31}},"4":{"start":{"line":1,"column":0},"end":{"line":1,"column":13}}},"fnMap":{"0":{"name":"(anonymous_0)","decl":{"start":{"line":5,"column":4},"end":{"line":5,"column":16}},"loc":{"start":{"line":5,"column":69},"end":{"line":10,"column":5}}}},"branchMap":{},"s":{"0":1,"1":1,"2":1,"3":1,"4":1},"f":{"0":1},"b":{}}
,"/Volumes/CardData/Development/own/nodeJs/dashboard-api/src/logger/logger.service.ts": {"path":"/Volumes/CardData/Development/own/nodeJs/dashboard-api/src/logger/logger.service.ts","statementMap":{"0":{"start":{"line":1,"column":0},"end":{"line":1,"column":56}},"1":{"start":{"line":3,"column":0},"end":{"line":3,"column":39}},"2":{"start":{"line":4,"column":0},"end":{"line":4,"column":26}},"3":{"start":{"line":6,"column":0},"end":{"line":30,"column":null}},"4":{"start":{"line":19,"column":4},"end":{"line":21,"column":6}},"5":{"start":{"line":20,"column":8},"end":{"line":20,"column":34}},"6":{"start":{"line":23,"column":4},"end":{"line":25,"column":6}},"7":{"start":{"line":24,"column":8},"end":{"line":24,"column":35}},"8":{"start":{"line":27,"column":4},"end":{"line":29,"column":6}},"9":{"start":{"line":28,"column":8},"end":{"line":28,"column":34}},"10":{"start":{"line":11,"column":8},"end":{"line":16,"column":38}},"11":{"start":{"line":7,"column":13},"end":{"line":30,"column":null}},"12":{"start":{"line":7,"column":13},"end":{"line":7,"column":26}}},"fnMap":{"0":{"name":"(anonymous_2)","decl":{"start":{"line":10,"column":4},"end":{"line":10,"column":null}},"loc":{"start":{"line":10,"column":4},"end":{"line":17,"column":5}}},"1":{"name":"(anonymous_3)","decl":{"start":{"line":19,"column":10},"end":{"line":19,"column":11}},"loc":{"start":{"line":19,"column":39},"end":{"line":21,"column":5}}},"2":{"name":"(anonymous_4)","decl":{"start":{"line":23,"column":12},"end":{"line":23,"column":13}},"loc":{"start":{"line":23,"column":41},"end":{"line":25,"column":5}}},"3":{"name":"(anonymous_5)","decl":{"start":{"line":27,"column":11},"end":{"line":27,"column":12}},"loc":{"start":{"line":27,"column":40},"end":{"line":29,"column":5}}}},"branchMap":{},"s":{"0":1,"1":1,"2":1,"3":1,"4":1,"5":5,"6":1,"7":1,"8":1,"9":0,"10":1,"11":1,"12":1},"f":{"0":1,"1":5,"2":1,"3":0},"b":{}}
,"/Volumes/CardData/Development/own/nodeJs/dashboard-api/src/users/user.entity.ts": {"path":"/Volumes/CardData/Development/own/nodeJs/dashboard-api/src/users/user.entity.ts","statementMap":{"0":{"start":{"line":1,"column":0},"end":{"line":1,"column":41}},"1":{"start":{"line":6,"column":25},"end":{"line":6,"column":39}},"2":{"start":{"line":7,"column":25},"end":{"line":7,"column":38}},"3":{"start":{"line":4,"column":12},"end":{"line":4,"column":27}},"4":{"start":{"line":10,"column":8},"end":{"line":12,"column":null}},"5":{"start":{"line":11,"column":12},"end":{"line":11,"column":42}},"6":{"start":{"line":16,"column":8},"end":{"line":16,"column":27}},"7":{"start":{"line":20,"column":8},"end":{"line":20,"column":26}},"8":{"start":{"line":24,"column":8},"end":{"line":24,"column":30}},"9":{"start":{"line":28,"column":8},"end":{"line":28,"column":48}},"10":{"start":{"line":32,"column":8},"end":{"line":32,"column":45}},"11":{"start":{"line":3,"column":0},"end":{"line":3,"column":13}}},"fnMap":{"0":{"name":"(anonymous_7)","decl":{"start":{"line":5,"column":4},"end":{"line":5,"column":null}},"loc":{"start":{"line":8,"column":29},"end":{"line":13,"column":5}}},"1":{"name":"(anonymous_8)","decl":{"start":{"line":15,"column":4},"end":{"line":15,"column":8}},"loc":{"start":{"line":15,"column":13},"end":{"line":17,"column":5}}},"2":{"name":"(anonymous_9)","decl":{"start":{"line":19,"column":4},"end":{"line":19,"column":8}},"loc":{"start":{"line":19,"column":12},"end":{"line":21,"column":5}}},"3":{"name":"(anonymous_10)","decl":{"start":{"line":23,"column":4},"end":{"line":23,"column":8}},"loc":{"start":{"line":23,"column":16},"end":{"line":25,"column":5}}},"4":{"name":"(anonymous_11)","decl":{"start":{"line":27,"column":17},"end":{"line":27,"column":28}},"loc":{"start":{"line":27,"column":55},"end":{"line":29,"column":null}}},"5":{"name":"(anonymous_13)","decl":{"start":{"line":31,"column":17},"end":{"line":31,"column":32}},"loc":{"start":{"line":31,"column":45},"end":{"line":33,"column":null}}}},"branchMap":{"0":{"loc":{"start":{"line":10,"column":8},"end":{"line":12,"column":null}},"type":"if","locations":[{"start":{"line":10,"column":8},"end":{"line":12,"column":null}}]}},"s":{"0":1,"1":4,"2":4,"3":4,"4":4,"5":4,"6":0,"7":0,"8":0,"9":0,"10":4,"11":1},"f":{"0":4,"1":0,"2":0,"3":0,"4":0,"5":4},"b":{"0":[4]}}
,"/Volumes/CardData/Development/own/nodeJs/dashboard-api/src/users/users.controller.ts": {"path":"/Volumes/CardData/Development/own/nodeJs/dashboard-api/src/users/users.controller.ts","statementMap":{"0":{"start":{"line":2,"column":0},"end":{"line":2,"column":59}},"1":{"start":{"line":3,"column":0},"end":{"line":3,"column":47}},"2":{"start":{"line":4,"column":0},"end":{"line":4,"column":33}},"3":{"start":{"line":6,"column":0},"end":{"line":6,"column":26}},"4":{"start":{"line":8,"column":0},"end":{"line":8,"column":52}},"5":{"start":{"line":9,"column":0},"end":{"line":9,"column":58}},"6":{"start":{"line":12,"column":0},"end":{"line":12,"column":55}},"7":{"start":{"line":13,"column":0},"end":{"line":13,"column":67}},"8":{"start":{"line":14,"column":0},"end":{"line":14,"column":36}},"9":{"start":{"line":17,"column":0},"end":{"line":17,"column":49}},"10":{"start":{"line":19,"column":0},"end":{"line":101,"column":null}},"11":{"start":{"line":26,"column":8},"end":{"line":26,"column":29}},"12":{"start":{"line":22,"column":39},"end":{"line":22,"column":61}},"13":{"start":{"line":23,"column":43},"end":{"line":23,"column":68}},"14":{"start":{"line":24,"column":45},"end":{"line":24,"column":74}},"15":{"start":{"line":27,"column":8},"end":{"line":46,"column":11}},"16":{"start":{"line":54,"column":8},"end":{"line":54,"column":30}},"17":{"start":{"line":55,"column":23},"end":{"line":55,"column":68}},"18":{"start":{"line":56,"column":8},"end":{"line":58,"column":null}},"19":{"start":{"line":57,"column":12},"end":{"line":57,"column":65}},"20":{"start":{"line":59,"column":20},"end":{"line":59,"column":88}},"21":{"start":{"line":60,"column":8},"end":{"line":60,"column":30}},"22":{"start":{"line":68,"column":23},"end":{"line":68,"column":62}},"23":{"start":{"line":69,"column":8},"end":{"line":71,"column":null}},"24":{"start":{"line":70,"column":12},"end":{"line":70,"column":69}},"25":{"start":{"line":72,"column":8},"end":{"line":72,"column":61}},"26":{"start":{"line":76,"column":25},"end":{"line":76,"column":65}},"27":{"start":{"line":77,"column":8},"end":{"line":77,"column":67}},"28":{"start":{"line":81,"column":8},"end":{"line":99,"column":11}},"29":{"start":{"line":82,"column":12},"end":{"line":98,"column":14}},"30":{"start":{"line":92,"column":20},"end":{"line":94,"column":null}},"31":{"start":{"line":93,"column":24},"end":{"line":93,"column":36}},"32":{"start":{"line":96,"column":20},"end":{"line":96,"column":45}},"33":{"start":{"line":20,"column":13},"end":{"line":101,"column":null}},"34":{"start":{"line":20,"column":13},"end":{"line":20,"column":27}}},"fnMap":{"0":{"name":"(anonymous_11)","decl":{"start":{"line":21,"column":4},"end":{"line":21,"column":null}},"loc":{"start":{"line":24,"column":74},"end":{"line":47,"column":5}}},"1":{"name":"(anonymous_12)","decl":{"start":{"line":49,"column":10},"end":{"line":49,"column":15}},"loc":{"start":{"line":52,"column":26},"end":{"line":61,"column":null}}},"2":{"name":"(anonymous_14)","decl":{"start":{"line":63,"column":10},"end":{"line":63,"column":18}},"loc":{"start":{"line":66,"column":26},"end":{"line":73,"column":null}}},"3":{"name":"(anonymous_16)","decl":{"start":{"line":75,"column":10},"end":{"line":75,"column":14}},"loc":{"start":{"line":75,"column":67},"end":{"line":78,"column":null}}},"4":{"name":"(anonymous_18)","decl":{"start":{"line":80,"column":12},"end":{"line":80,"column":19}},"loc":{"start":{"line":80,"column":49},"end":{"line":100,"column":5}}},"5":{"name":"(anonymous_19)","decl":{"start":{"line":81,"column":35},"end":{"line":81,"column":36}},"loc":{"start":{"line":81,"column":55},"end":{"line":99,"column":9}}},"6":{"name":"(anonymous_20)","decl":{"start":{"line":91,"column":16},"end":{"line":91,"column":17}},"loc":{"start":{"line":91,"column":31},"end":{"line":97,"column":17}}}},"branchMap":{"0":{"loc":{"start":{"line":56,"column":8},"end":{"line":58,"column":null}},"type":"if","locations":[{"start":{"line":56,"column":8},"end":{"line":58,"column":null}}]},"1":{"loc":{"start":{"line":69,"column":8},"end":{"line":71,"column":null}},"type":"if","locations":[{"start":{"line":69,"column":8},"end":{"line":71,"column":null}}]},"2":{"loc":{"start":{"line":77,"column":30},"end":{"line":77,"column":45}},"type":"cond-expr","locations":[{"start":{"line":77,"column":38},"end":{"line":77,"column":40}},{"start":{"line":77,"column":30},"end":{"line":77,"column":45}}]},"3":{"loc":{"start":{"line":77,"column":30},"end":{"line":77,"column":40}},"type":"binary-expr","locations":[{"start":{"line":77,"column":30},"end":{"line":77,"column":40}},{"start":{"line":77,"column":30},"end":{"line":77,"column":40}}]},"4":{"loc":{"start":{"line":77,"column":51},"end":{"line":77,"column":63}},"type":"cond-expr","locations":[{"start":{"line":77,"column":59},"end":{"line":77,"column":61}},{"start":{"line":77,"column":51},"end":{"line":77,"column":63}}]},"5":{"loc":{"start":{"line":77,"column":51},"end":{"line":77,"column":61}},"type":"binary-expr","locations":[{"start":{"line":77,"column":51},"end":{"line":77,"column":61}},{"start":{"line":77,"column":51},"end":{"line":77,"column":61}}]},"6":{"loc":{"start":{"line":92,"column":20},"end":{"line":94,"column":null}},"type":"if","locations":[{"start":{"line":92,"column":20},"end":{"line":94,"column":null}}]}},"s":{"0":1,"1":1,"2":1,"3":1,"4":1,"5":1,"6":1,"7":1,"8":1,"9":1,"10":1,"11":1,"12":1,"13":1,"14":1,"15":1,"16":4,"17":4,"18":4,"19":1,"20":3,"21":3,"22":0,"23":0,"24":0,"25":0,"26":1,"27":1,"28":3,"29":3,"30":3,"31":0,"32":3,"33":1,"34":1},"f":{"0":1,"1":4,"2":0,"3":1,"4":3,"5":3,"6":3},"b":{"0":[1],"1":[0],"2":[0,1],"3":[1,1],"4":[0,1],"5":[1,1],"6":[0]}}
,"/Volumes/CardData/Development/own/nodeJs/dashboard-api/src/users/users.repository.ts": {"path":"/Volumes/CardData/Development/own/nodeJs/dashboard-api/src/users/users.repository.ts","statementMap":{"0":{"start":{"line":4,"column":0},"end":{"line":4,"column":47}},"1":{"start":{"line":5,"column":0},"end":{"line":5,"column":33}},"2":{"start":{"line":6,"column":0},"end":{"line":6,"column":59}},"3":{"start":{"line":8,"column":0},"end":{"line":29,"column":null}},"4":{"start":{"line":10,"column":53},"end":{"line":10,"column":68}},"5":{"start":{"line":13,"column":8},"end":{"line":19,"column":11}},"6":{"start":{"line":23,"column":8},"end":{"line":27,"column":11}},"7":{"start":{"line":9,"column":13},"end":{"line":29,"column":null}},"8":{"start":{"line":9,"column":13},"end":{"line":9,"column":28}}},"fnMap":{"0":{"name":"(anonymous_11)","decl":{"start":{"line":10,"column":4},"end":{"line":10,"column":17}},"loc":{"start":{"line":10,"column":81},"end":{"line":10,"column":85}}},"1":{"name":"(anonymous_12)","decl":{"start":{"line":12,"column":10},"end":{"line":12,"column":16}},"loc":{"start":{"line":12,"column":48},"end":{"line":20,"column":null}}},"2":{"name":"(anonymous_14)","decl":{"start":{"line":22,"column":10},"end":{"line":22,"column":14}},"loc":{"start":{"line":22,"column":28},"end":{"line":28,"column":null}}}},"branchMap":{},"s":{"0":1,"1":1,"2":1,"3":1,"4":1,"5":0,"6":5,"7":1,"8":1},"f":{"0":1,"1":0,"2":5},"b":{}}
,"/Volumes/CardData/Development/own/nodeJs/dashboard-api/src/users/users.service.ts": {"path":"/Volumes/CardData/Development/own/nodeJs/dashboard-api/src/users/users.service.ts","statementMap":{"0":{"start":{"line":1,"column":0},"end":{"line":1,"column":47}},"1":{"start":{"line":4,"column":0},"end":{"line":4,"column":37}},"2":{"start":{"line":7,"column":0},"end":{"line":7,"column":33}},"3":{"start":{"line":11,"column":0},"end":{"line":44,"column":null}},"4":{"start":{"line":14,"column":45},"end":{"line":14,"column":74}},"5":{"start":{"line":15,"column":47},"end":{"line":15,"column":80}},"6":{"start":{"line":18,"column":24},"end":{"line":18,"column":45}},"7":{"start":{"line":19,"column":21},"end":{"line":19,"column":51}},"8":{"start":{"line":20,"column":8},"end":{"line":20,"column":58}},"9":{"start":{"line":22,"column":28},"end":{"line":22,"column":66}},"10":{"start":{"line":23,"column":8},"end":{"line":25,"column":null}},"11":{"start":{"line":24,"column":12},"end":{"line":24,"column":24}},"12":{"start":{"line":27,"column":8},"end":{"line":27,"column":52}},"13":{"start":{"line":31,"column":28},"end":{"line":31,"column":66}},"14":{"start":{"line":32,"column":8},"end":{"line":34,"column":null}},"15":{"start":{"line":33,"column":12},"end":{"line":33,"column":25}},"16":{"start":{"line":36,"column":24},"end":{"line":36,"column":91}},"17":{"start":{"line":38,"column":8},"end":{"line":38,"column":49}},"18":{"start":{"line":42,"column":8},"end":{"line":42,"column":48}},"19":{"start":{"line":12,"column":13},"end":{"line":44,"column":null}},"20":{"start":{"line":12,"column":13},"end":{"line":12,"column":24}}},"fnMap":{"0":{"name":"(anonymous_11)","decl":{"start":{"line":13,"column":4},"end":{"line":13,"column":null}},"loc":{"start":{"line":15,"column":80},"end":{"line":16,"column":8}}},"1":{"name":"(anonymous_12)","decl":{"start":{"line":17,"column":10},"end":{"line":17,"column":20}},"loc":{"start":{"line":17,"column":63},"end":{"line":28,"column":null}}},"2":{"name":"(anonymous_14)","decl":{"start":{"line":30,"column":10},"end":{"line":30,"column":22}},"loc":{"start":{"line":30,"column":56},"end":{"line":39,"column":null}}},"3":{"name":"(anonymous_16)","decl":{"start":{"line":41,"column":10},"end":{"line":41,"column":21}},"loc":{"start":{"line":41,"column":35},"end":{"line":43,"column":null}}}},"branchMap":{"0":{"loc":{"start":{"line":23,"column":8},"end":{"line":25,"column":null}},"type":"if","locations":[{"start":{"line":23,"column":8},"end":{"line":25,"column":null}}]},"1":{"loc":{"start":{"line":32,"column":8},"end":{"line":34,"column":null}},"type":"if","locations":[{"start":{"line":32,"column":8},"end":{"line":34,"column":null}}]}},"s":{"0":1,"1":1,"2":1,"3":1,"4":1,"5":1,"6":0,"7":0,"8":0,"9":0,"10":0,"11":0,"12":0,"13":4,"14":4,"15":0,"16":4,"17":4,"18":1,"19":1,"20":1},"f":{"0":1,"1":0,"2":4,"3":1},"b":{"0":[0],"1":[0]}}
,"/Volumes/CardData/Development/own/nodeJs/dashboard-api/src/users/dto/user-login.dto.ts": {"path":"/Volumes/CardData/Development/own/nodeJs/dashboard-api/src/users/dto/user-login.dto.ts","statementMap":{"0":{"start":{"line":1,"column":0},"end":{"line":1,"column":52}},"1":{"start":{"line":5,"column":4},"end":{"line":5,"column":null}},"2":{"start":{"line":8,"column":4},"end":{"line":8,"column":null}},"3":{"start":{"line":3,"column":0},"end":{"line":3,"column":13}}},"fnMap":{},"branchMap":{},"s":{"0":1,"1":1,"2":1,"3":1},"f":{},"b":{}}
,"/Volumes/CardData/Development/own/nodeJs/dashboard-api/src/users/dto/user-register.dto.ts": {"path":"/Volumes/CardData/Development/own/nodeJs/dashboard-api/src/users/dto/user-register.dto.ts","statementMap":{"0":{"start":{"line":1,"column":0},"end":{"line":1,"column":52}},"1":{"start":{"line":5,"column":4},"end":{"line":5,"column":null}},"2":{"start":{"line":8,"column":4},"end":{"line":8,"column":null}},"3":{"start":{"line":11,"column":4},"end":{"line":11,"column":null}},"4":{"start":{"line":3,"column":0},"end":{"line":3,"column":13}}},"fnMap":{},"branchMap":{},"s":{"0":1,"1":1,"2":1,"3":1,"4":1},"f":{},"b":{}}
}
